WARNING:absl:Tensorflow library not found, tensorflow.io.gfile operations will use native shim calls. GCS paths (i.e. 'gs://...') cannot be accessed.
ERROR:root:Device cuda:0 was not found in jax.local_devices().
ERROR:root:Device cuda:0 was not found in jax.local_devices().
ERROR:root:Device cuda:0 was not found in jax.local_devices().
ERROR:root:Device cuda:0 was not found in jax.local_devices().
ERROR:root:Device cuda:0 was not found in jax.local_devices().
ERROR:root:Device cuda:0 was not found in jax.local_devices().
ERROR:root:Device cuda:0 was not found in jax.local_devices().
ERROR:root:Device cuda:0 was not found in jax.local_devices().
ERROR:root:Device cuda:0 was not found in jax.local_devices().
ERROR:root:Device cuda:0 was not found in jax.local_devices().
ERROR:root:Device cuda:0 was not found in jax.local_devices().
ERROR:root:Device cuda:0 was not found in jax.local_devices().
ERROR:root:Device cuda:0 was not found in jax.local_devices().
ERROR:root:Device cuda:0 was not found in jax.local_devices().
ERROR:root:Device cuda:0 was not found in jax.local_devices().
ERROR:root:Device cuda:0 was not found in jax.local_devices().
ERROR:root:Device cuda:0 was not found in jax.local_devices().
ERROR:root:Device cuda:0 was not found in jax.local_devices().
ERROR:root:Device cuda:0 was not found in jax.local_devices().
ERROR:root:Device cuda:0 was not found in jax.local_devices().
ERROR:root:Device cuda:0 was not found in jax.local_devices().
ERROR:root:Device cuda:0 was not found in jax.local_devices().
ERROR:root:Device cuda:0 was not found in jax.local_devices().
ERROR:root:Device cuda:0 was not found in jax.local_devices().
ERROR:root:Device cuda:0 was not found in jax.local_devices().
ERROR:root:Device cuda:0 was not found in jax.local_devices().
ERROR:root:Device cuda:0 was not found in jax.local_devices().
ERROR:root:Device cuda:0 was not found in jax.local_devices().
ERROR:root:Device cuda:0 was not found in jax.local_devices().
ERROR:root:Device cuda:0 was not found in jax.local_devices().
ERROR:root:Device cuda:0 was not found in jax.local_devices().
ERROR:root:Device cuda:0 was not found in jax.local_devices().
ERROR:root:Device cuda:0 was not found in jax.local_devices().
ERROR:root:Device cuda:0 was not found in jax.local_devices().
ERROR:root:Device cuda:0 was not found in jax.local_devices().
ERROR:root:Device cuda:0 was not found in jax.local_devices().
ERROR:root:Device cuda:0 was not found in jax.local_devices().
ERROR:root:Device cuda:0 was not found in jax.local_devices().
ERROR:root:Device cuda:0 was not found in jax.local_devices().
ERROR:root:Device cuda:0 was not found in jax.local_devices().
ERROR:root:Device cuda:0 was not found in jax.local_devices().
ERROR:root:Device cuda:0 was not found in jax.local_devices().
ERROR:root:Device cuda:0 was not found in jax.local_devices().
ERROR:root:Device cuda:0 was not found in jax.local_devices().
ERROR:root:Device cuda:0 was not found in jax.local_devices().
ERROR:root:Device cuda:0 was not found in jax.local_devices().
ERROR:root:Device cuda:0 was not found in jax.local_devices().
ERROR:root:Device cuda:0 was not found in jax.local_devices().
ERROR:root:Device cuda:0 was not found in jax.local_devices().
ERROR:root:Device cuda:0 was not found in jax.local_devices().
ERROR:root:Device cuda:0 was not found in jax.local_devices().
ERROR:root:Device cuda:0 was not found in jax.local_devices().
ERROR:root:Device cuda:0 was not found in jax.local_devices().
ERROR:root:Device cuda:0 was not found in jax.local_devices().
ERROR:root:Device cuda:0 was not found in jax.local_devices().
ERROR:root:Device cuda:0 was not found in jax.local_devices().
ERROR:root:Device cuda:0 was not found in jax.local_devices().
ERROR:root:Device cuda:0 was not found in jax.local_devices().
ERROR:root:Device cuda:0 was not found in jax.local_devices().
ERROR:root:Device cuda:0 was not found in jax.local_devices().
ERROR:root:Device cuda:0 was not found in jax.local_devices().
ERROR:root:Device cuda:0 was not found in jax.local_devices().
ERROR:root:Device cuda:0 was not found in jax.local_devices().
ERROR:root:Device cuda:0 was not found in jax.local_devices().
ERROR:root:Device cuda:0 was not found in jax.local_devices().
ERROR:root:Device cuda:0 was not found in jax.local_devices().
ERROR:root:Device cuda:0 was not found in jax.local_devices().
ERROR:root:Device cuda:0 was not found in jax.local_devices().
ERROR:root:Device cuda:0 was not found in jax.local_devices().
ERROR:root:Device cuda:0 was not found in jax.local_devices().
ERROR:root:Device cuda:0 was not found in jax.local_devices().
ERROR:root:Device cuda:0 was not found in jax.local_devices().
ERROR:root:Device cuda:0 was not found in jax.local_devices().
ERROR:root:Device cuda:0 was not found in jax.local_devices().
ERROR:root:Device cuda:0 was not found in jax.local_devices().
ERROR:root:Device cuda:0 was not found in jax.local_devices().
ERROR:root:Device cuda:0 was not found in jax.local_devices().
ERROR:root:Device cuda:0 was not found in jax.local_devices().
ERROR:root:Device cuda:0 was not found in jax.local_devices().
ERROR:root:Device cuda:0 was not found in jax.local_devices().
ERROR:root:Device cuda:0 was not found in jax.local_devices().
ERROR:root:Device cuda:0 was not found in jax.local_devices().
ERROR:root:Device cuda:0 was not found in jax.local_devices().
ERROR:root:Device cuda:0 was not found in jax.local_devices().
ERROR:root:Device cuda:0 was not found in jax.local_devices().
ERROR:root:Device cuda:0 was not found in jax.local_devices().
ERROR:root:Device cuda:0 was not found in jax.local_devices().
ERROR:root:Device cuda:0 was not found in jax.local_devices().
ERROR:root:Device cuda:0 was not found in jax.local_devices().
ERROR:root:Device cuda:0 was not found in jax.local_devices().
ERROR:root:Device cuda:0 was not found in jax.local_devices().
ERROR:root:Device cuda:0 was not found in jax.local_devices().
ERROR:root:Device cuda:0 was not found in jax.local_devices().
ERROR:root:Device cuda:0 was not found in jax.local_devices().
ERROR:root:Device cuda:0 was not found in jax.local_devices().
ERROR:root:Device cuda:0 was not found in jax.local_devices().
ERROR:root:Device cuda:0 was not found in jax.local_devices().
ERROR:root:Device cuda:0 was not found in jax.local_devices().
ERROR:root:Device cuda:0 was not found in jax.local_devices().
ERROR:root:Device cuda:0 was not found in jax.local_devices().
ERROR:root:Device cuda:0 was not found in jax.local_devices().
ERROR:root:Device cuda:0 was not found in jax.local_devices().
ERROR:root:Device cuda:0 was not found in jax.local_devices().
ERROR:root:Device cuda:0 was not found in jax.local_devices().
ERROR:root:Device cuda:0 was not found in jax.local_devices().
ERROR:root:Device cuda:0 was not found in jax.local_devices().
ERROR:root:Device cuda:0 was not found in jax.local_devices().
ERROR:root:Device cuda:0 was not found in jax.local_devices().
ERROR:root:Device cuda:0 was not found in jax.local_devices().
ERROR:root:Device cuda:0 was not found in jax.local_devices().
ERROR:root:Device cuda:0 was not found in jax.local_devices().
ERROR:root:Device cuda:0 was not found in jax.local_devices().
ERROR:root:Device cuda:0 was not found in jax.local_devices().
ERROR:root:Device cuda:0 was not found in jax.local_devices().
ERROR:root:Device cuda:0 was not found in jax.local_devices().
ERROR:root:Device cuda:0 was not found in jax.local_devices().
ERROR:root:Device cuda:0 was not found in jax.local_devices().
ERROR:root:Device cuda:0 was not found in jax.local_devices().
ERROR:root:Device cuda:0 was not found in jax.local_devices().
ERROR:root:Device cuda:0 was not found in jax.local_devices().
ERROR:root:Device cuda:0 was not found in jax.local_devices().
ERROR:root:Device cuda:0 was not found in jax.local_devices().
ERROR:root:Device cuda:0 was not found in jax.local_devices().
ERROR:root:Device cuda:0 was not found in jax.local_devices().
ERROR:root:Device cuda:0 was not found in jax.local_devices().
ERROR:root:Device cuda:0 was not found in jax.local_devices().
ERROR:root:Device cuda:0 was not found in jax.local_devices().
ERROR:root:Device cuda:0 was not found in jax.local_devices().
ERROR:root:Device cuda:0 was not found in jax.local_devices().
ERROR:root:Device cuda:0 was not found in jax.local_devices().
ERROR:root:Device cuda:0 was not found in jax.local_devices().
ERROR:root:Device cuda:0 was not found in jax.local_devices().
ERROR:root:Device cuda:0 was not found in jax.local_devices().
ERROR:root:Device cuda:0 was not found in jax.local_devices().
ERROR:root:Device cuda:0 was not found in jax.local_devices().
ERROR:root:Device cuda:0 was not found in jax.local_devices().
ERROR:root:Device cuda:0 was not found in jax.local_devices().
ERROR:root:Device cuda:0 was not found in jax.local_devices().
ERROR:root:Device cuda:0 was not found in jax.local_devices().
ERROR:root:Device cuda:0 was not found in jax.local_devices().
ERROR:root:Device cuda:0 was not found in jax.local_devices().
ERROR:root:Device cuda:0 was not found in jax.local_devices().
ERROR:root:Device cuda:0 was not found in jax.local_devices().
ERROR:root:Device cuda:0 was not found in jax.local_devices().
ERROR:root:Device cuda:0 was not found in jax.local_devices().
ERROR:root:Device cuda:0 was not found in jax.local_devices().
ERROR:root:Device cuda:0 was not found in jax.local_devices().
ERROR:root:Device cuda:0 was not found in jax.local_devices().
ERROR:root:Device cuda:0 was not found in jax.local_devices().
ERROR:root:Device cuda:0 was not found in jax.local_devices().
ERROR:root:Device cuda:0 was not found in jax.local_devices().
ERROR:root:Device cuda:0 was not found in jax.local_devices().
ERROR:root:Device cuda:0 was not found in jax.local_devices().
ERROR:root:Device cuda:0 was not found in jax.local_devices().
ERROR:root:Device cuda:0 was not found in jax.local_devices().
ERROR:root:Device cuda:0 was not found in jax.local_devices().
ERROR:root:Device cuda:0 was not found in jax.local_devices().
ERROR:root:Device cuda:0 was not found in jax.local_devices().
ERROR:root:Device cuda:0 was not found in jax.local_devices().
ERROR:root:Device cuda:0 was not found in jax.local_devices().
ERROR:root:Device cuda:0 was not found in jax.local_devices().
ERROR:root:Device cuda:0 was not found in jax.local_devices().
ERROR:root:Device cuda:0 was not found in jax.local_devices().
ERROR:root:Device cuda:0 was not found in jax.local_devices().
ERROR:root:Device cuda:0 was not found in jax.local_devices().
ERROR:root:Device cuda:0 was not found in jax.local_devices().
ERROR:root:Device cuda:0 was not found in jax.local_devices().
ERROR:root:Device cuda:0 was not found in jax.local_devices().
ERROR:root:Device cuda:0 was not found in jax.local_devices().
ERROR:root:Device cuda:0 was not found in jax.local_devices().
ERROR:root:Device cuda:0 was not found in jax.local_devices().
ERROR:root:Device cuda:0 was not found in jax.local_devices().
ERROR:root:Device cuda:0 was not found in jax.local_devices().
ERROR:root:Device cuda:0 was not found in jax.local_devices().
ERROR:root:Device cuda:0 was not found in jax.local_devices().
ERROR:root:Device cuda:0 was not found in jax.local_devices().
ERROR:root:Device cuda:0 was not found in jax.local_devices().
ERROR:root:Device cuda:0 was not found in jax.local_devices().
ERROR:root:Device cuda:0 was not found in jax.local_devices().
ERROR:root:Device cuda:0 was not found in jax.local_devices().
ERROR:root:Device cuda:0 was not found in jax.local_devices().
ERROR:root:Device cuda:0 was not found in jax.local_devices().
ERROR:root:Device cuda:0 was not found in jax.local_devices().
ERROR:root:Device cuda:0 was not found in jax.local_devices().
ERROR:root:Device cuda:0 was not found in jax.local_devices().
ERROR:root:Device cuda:0 was not found in jax.local_devices().
ERROR:root:Device cuda:0 was not found in jax.local_devices().
ERROR:root:Device cuda:0 was not found in jax.local_devices().
ERROR:root:Device cuda:0 was not found in jax.local_devices().
ERROR:root:Device cuda:0 was not found in jax.local_devices().
ERROR:root:Device cuda:0 was not found in jax.local_devices().
ERROR:root:Device cuda:0 was not found in jax.local_devices().
ERROR:root:Device cuda:0 was not found in jax.local_devices().
ERROR:root:Device cuda:0 was not found in jax.local_devices().
ERROR:root:Device cuda:0 was not found in jax.local_devices().
ERROR:root:Device cuda:0 was not found in jax.local_devices().
ERROR:root:Device cuda:0 was not found in jax.local_devices().
ERROR:root:Device cuda:0 was not found in jax.local_devices().
ERROR:root:Device cuda:0 was not found in jax.local_devices().
ERROR:root:Device cuda:0 was not found in jax.local_devices().
ERROR:root:Device cuda:0 was not found in jax.local_devices().
ERROR:root:Device cuda:0 was not found in jax.local_devices().
ERROR:root:Device cuda:0 was not found in jax.local_devices().
ERROR:root:Device cuda:0 was not found in jax.local_devices().
ERROR:root:Device cuda:0 was not found in jax.local_devices().
ERROR:root:Device cuda:0 was not found in jax.local_devices().
ERROR:root:Device cuda:0 was not found in jax.local_devices().
ERROR:root:Device cuda:0 was not found in jax.local_devices().
ERROR:root:Device cuda:0 was not found in jax.local_devices().
ERROR:root:Device cuda:0 was not found in jax.local_devices().
ERROR:root:Device cuda:0 was not found in jax.local_devices().
ERROR:root:Device cuda:0 was not found in jax.local_devices().
ERROR:root:Device cuda:0 was not found in jax.local_devices().
ERROR:root:Device cuda:0 was not found in jax.local_devices().
ERROR:root:Device cuda:0 was not found in jax.local_devices().
ERROR:root:Device cuda:0 was not found in jax.local_devices().
ERROR:root:Device cuda:0 was not found in jax.local_devices().
ERROR:root:Device cuda:0 was not found in jax.local_devices().
ERROR:root:Device cuda:0 was not found in jax.local_devices().
ERROR:root:Device cuda:0 was not found in jax.local_devices().
ERROR:root:Device cuda:0 was not found in jax.local_devices().
ERROR:root:Device cuda:0 was not found in jax.local_devices().
ERROR:root:Device cuda:0 was not found in jax.local_devices().
ERROR:root:Device cuda:0 was not found in jax.local_devices().
ERROR:root:Device cuda:0 was not found in jax.local_devices().
ERROR:root:Device cuda:0 was not found in jax.local_devices().
ERROR:root:Device cuda:0 was not found in jax.local_devices().
ERROR:root:Device cuda:0 was not found in jax.local_devices().
ERROR:root:Device cuda:0 was not found in jax.local_devices().
ERROR:root:Device cuda:0 was not found in jax.local_devices().
ERROR:root:Device cuda:0 was not found in jax.local_devices().
ERROR:root:Device cuda:0 was not found in jax.local_devices().
ERROR:root:Device cuda:0 was not found in jax.local_devices().
ERROR:root:Device cuda:0 was not found in jax.local_devices().
ERROR:root:Device cuda:0 was not found in jax.local_devices().
ERROR:root:Device cuda:0 was not found in jax.local_devices().
ERROR:root:Device cuda:0 was not found in jax.local_devices().
ERROR:root:Device cuda:0 was not found in jax.local_devices().
ERROR:root:Device cuda:0 was not found in jax.local_devices().
ERROR:root:Device cuda:0 was not found in jax.local_devices().
ERROR:root:Device cuda:0 was not found in jax.local_devices().
ERROR:root:Device cuda:0 was not found in jax.local_devices().
ERROR:root:Device cuda:0 was not found in jax.local_devices().
ERROR:root:Device cuda:0 was not found in jax.local_devices().
ERROR:root:Device cuda:0 was not found in jax.local_devices().
ERROR:root:Device cuda:0 was not found in jax.local_devices().
ERROR:root:Device cuda:0 was not found in jax.local_devices().
ERROR:root:Device cuda:0 was not found in jax.local_devices().
ERROR:root:Device cuda:0 was not found in jax.local_devices().
ERROR:root:Device cuda:0 was not found in jax.local_devices().
ERROR:root:Device cuda:0 was not found in jax.local_devices().
ERROR:root:Device cuda:0 was not found in jax.local_devices().
ERROR:root:Device cuda:0 was not found in jax.local_devices().
ERROR:root:Device cuda:0 was not found in jax.local_devices().
ERROR:root:Device cuda:0 was not found in jax.local_devices().
ERROR:root:Device cuda:0 was not found in jax.local_devices().
ERROR:root:Device cuda:0 was not found in jax.local_devices().
ERROR:root:Device cuda:0 was not found in jax.local_devices().
ERROR:root:Device cuda:0 was not found in jax.local_devices().
ERROR:root:Device cuda:0 was not found in jax.local_devices().
ERROR:root:Device cuda:0 was not found in jax.local_devices().
ERROR:root:Device cuda:0 was not found in jax.local_devices().
ERROR:root:Device cuda:0 was not found in jax.local_devices().
ERROR:root:Device cuda:0 was not found in jax.local_devices().
ERROR:root:Device cuda:0 was not found in jax.local_devices().
ERROR:root:Device cuda:0 was not found in jax.local_devices().
ERROR:root:Device cuda:0 was not found in jax.local_devices().
ERROR:root:Device cuda:0 was not found in jax.local_devices().
ERROR:root:Device cuda:0 was not found in jax.local_devices().
ERROR:root:Device cuda:0 was not found in jax.local_devices().
ERROR:root:Device cuda:0 was not found in jax.local_devices().
ERROR:root:Device cuda:0 was not found in jax.local_devices().
ERROR:root:Device cuda:0 was not found in jax.local_devices().
ERROR:root:Device cuda:0 was not found in jax.local_devices().
ERROR:root:Device cuda:0 was not found in jax.local_devices().
ERROR:root:Device cuda:0 was not found in jax.local_devices().
ERROR:root:Device cuda:0 was not found in jax.local_devices().
ERROR:root:Device cuda:0 was not found in jax.local_devices().
ERROR:root:Device cuda:0 was not found in jax.local_devices().
ERROR:root:Device cuda:0 was not found in jax.local_devices().
ERROR:root:Device cuda:0 was not found in jax.local_devices().
ERROR:root:Device cuda:0 was not found in jax.local_devices().
ERROR:root:Device cuda:0 was not found in jax.local_devices().
ERROR:root:Device cuda:0 was not found in jax.local_devices().
ERROR:root:Device cuda:0 was not found in jax.local_devices().
ERROR:root:Device cuda:0 was not found in jax.local_devices().
ERROR:root:Device cuda:0 was not found in jax.local_devices().
ERROR:root:Device cuda:0 was not found in jax.local_devices().
ERROR:root:Device cuda:0 was not found in jax.local_devices().
ERROR:root:Device cuda:0 was not found in jax.local_devices().
ERROR:root:Device cuda:0 was not found in jax.local_devices().
ERROR:root:Device cuda:0 was not found in jax.local_devices().
ERROR:root:Device cuda:0 was not found in jax.local_devices().
ERROR:root:Device cuda:0 was not found in jax.local_devices().
ERROR:root:Device cuda:0 was not found in jax.local_devices().
ERROR:root:Device cuda:0 was not found in jax.local_devices().
ERROR:root:Device cuda:0 was not found in jax.local_devices().
ERROR:root:Device cuda:0 was not found in jax.local_devices().
ERROR:root:Device cuda:0 was not found in jax.local_devices().
ERROR:root:Device cuda:0 was not found in jax.local_devices().
ERROR:root:Device cuda:0 was not found in jax.local_devices().
ERROR:root:Device cuda:0 was not found in jax.local_devices().
ERROR:root:Device cuda:0 was not found in jax.local_devices().
ERROR:root:Device cuda:0 was not found in jax.local_devices().
ERROR:root:Device cuda:0 was not found in jax.local_devices().
ERROR:root:Device cuda:0 was not found in jax.local_devices().
ERROR:root:Device cuda:0 was not found in jax.local_devices().
ERROR:root:Device cuda:0 was not found in jax.local_devices().
ERROR:root:Device cuda:0 was not found in jax.local_devices().
ERROR:root:Device cuda:0 was not found in jax.local_devices().
ERROR:root:Device cuda:0 was not found in jax.local_devices().
ERROR:root:Device cuda:0 was not found in jax.local_devices().
ERROR:root:Device cuda:0 was not found in jax.local_devices().
ERROR:root:Device cuda:0 was not found in jax.local_devices().
ERROR:root:Device cuda:0 was not found in jax.local_devices().
ERROR:root:Device cuda:0 was not found in jax.local_devices().
ERROR:root:Device cuda:0 was not found in jax.local_devices().
ERROR:root:Device cuda:0 was not found in jax.local_devices().
ERROR:root:Device cuda:0 was not found in jax.local_devices().
ERROR:root:Device cuda:0 was not found in jax.local_devices().
ERROR:root:Device cuda:0 was not found in jax.local_devices().
ERROR:root:Device cuda:0 was not found in jax.local_devices().
ERROR:root:Device cuda:0 was not found in jax.local_devices().
ERROR:root:Device cuda:0 was not found in jax.local_devices().
ERROR:root:Device cuda:0 was not found in jax.local_devices().
ERROR:root:Device cuda:0 was not found in jax.local_devices().
ERROR:root:Device cuda:0 was not found in jax.local_devices().
ERROR:root:Device cuda:0 was not found in jax.local_devices().
ERROR:root:Device cuda:0 was not found in jax.local_devices().
ERROR:root:Device cuda:0 was not found in jax.local_devices().
ERROR:root:Device cuda:0 was not found in jax.local_devices().
ERROR:root:Device cuda:0 was not found in jax.local_devices().
ERROR:root:Device cuda:0 was not found in jax.local_devices().
ERROR:root:Device cuda:0 was not found in jax.local_devices().
ERROR:root:Device cuda:0 was not found in jax.local_devices().
ERROR:root:Device cuda:0 was not found in jax.local_devices().
ERROR:root:Device cuda:0 was not found in jax.local_devices().
ERROR:root:Device cuda:0 was not found in jax.local_devices().
ERROR:root:Device cuda:0 was not found in jax.local_devices().
ERROR:root:Device cuda:0 was not found in jax.local_devices().
ERROR:root:Device cuda:0 was not found in jax.local_devices().
ERROR:root:Device cuda:0 was not found in jax.local_devices().
ERROR:root:Device cuda:0 was not found in jax.local_devices().
ERROR:root:Device cuda:0 was not found in jax.local_devices().
ERROR:root:Device cuda:0 was not found in jax.local_devices().
ERROR:root:Device cuda:0 was not found in jax.local_devices().
ERROR:root:Device cuda:0 was not found in jax.local_devices().
ERROR:root:Device cuda:0 was not found in jax.local_devices().
ERROR:root:Device cuda:0 was not found in jax.local_devices().
ERROR:root:Device cuda:0 was not found in jax.local_devices().
ERROR:root:Device cuda:0 was not found in jax.local_devices().
ERROR:root:Device cuda:0 was not found in jax.local_devices().
ERROR:root:Device cuda:0 was not found in jax.local_devices().
ERROR:root:Device cuda:0 was not found in jax.local_devices().
ERROR:root:Device cuda:0 was not found in jax.local_devices().
ERROR:root:Device cuda:0 was not found in jax.local_devices().
ERROR:root:Device cuda:0 was not found in jax.local_devices().
ERROR:root:Device cuda:0 was not found in jax.local_devices().
ERROR:root:Device cuda:0 was not found in jax.local_devices().
ERROR:root:Device cuda:0 was not found in jax.local_devices().
ERROR:root:Device cuda:0 was not found in jax.local_devices().
ERROR:root:Device cuda:0 was not found in jax.local_devices().
ERROR:root:Device cuda:0 was not found in jax.local_devices().
ERROR:root:Device cuda:0 was not found in jax.local_devices().
ERROR:root:Device cuda:0 was not found in jax.local_devices().
ERROR:root:Device cuda:0 was not found in jax.local_devices().
ERROR:root:Device cuda:0 was not found in jax.local_devices().
ERROR:root:Device cuda:0 was not found in jax.local_devices().
ERROR:root:Device cuda:0 was not found in jax.local_devices().
ERROR:root:Device cuda:0 was not found in jax.local_devices().
ERROR:root:Device cuda:0 was not found in jax.local_devices().
ERROR:root:Device cuda:0 was not found in jax.local_devices().
ERROR:root:Device cuda:0 was not found in jax.local_devices().
ERROR:root:Device cuda:0 was not found in jax.local_devices().
ERROR:root:Device cuda:0 was not found in jax.local_devices().
ERROR:root:Device cuda:0 was not found in jax.local_devices().
ERROR:root:Device cuda:0 was not found in jax.local_devices().
ERROR:root:Device cuda:0 was not found in jax.local_devices().
ERROR:root:Device cuda:0 was not found in jax.local_devices().
ERROR:root:Device cuda:0 was not found in jax.local_devices().
ERROR:root:Device cuda:0 was not found in jax.local_devices().
ERROR:root:Device cuda:0 was not found in jax.local_devices().
ERROR:root:Device cuda:0 was not found in jax.local_devices().
ERROR:root:Device cuda:0 was not found in jax.local_devices().
ERROR:root:Device cuda:0 was not found in jax.local_devices().
ERROR:root:Device cuda:0 was not found in jax.local_devices().
ERROR:root:Device cuda:0 was not found in jax.local_devices().
ERROR:root:Device cuda:0 was not found in jax.local_devices().
ERROR:root:Device cuda:0 was not found in jax.local_devices().
ERROR:root:Device cuda:0 was not found in jax.local_devices().
ERROR:root:Device cuda:0 was not found in jax.local_devices().
ERROR:root:Device cuda:0 was not found in jax.local_devices().
ERROR:root:Device cuda:0 was not found in jax.local_devices().
ERROR:root:Device cuda:0 was not found in jax.local_devices().
ERROR:root:Device cuda:0 was not found in jax.local_devices().
ERROR:root:Device cuda:0 was not found in jax.local_devices().
ERROR:root:Device cuda:0 was not found in jax.local_devices().
ERROR:root:Device cuda:0 was not found in jax.local_devices().
ERROR:root:Device cuda:0 was not found in jax.local_devices().
ERROR:root:Device cuda:0 was not found in jax.local_devices().
ERROR:root:Device cuda:0 was not found in jax.local_devices().
ERROR:root:Device cuda:0 was not found in jax.local_devices().
ERROR:root:Device cuda:0 was not found in jax.local_devices().
ERROR:root:Device cuda:0 was not found in jax.local_devices().
ERROR:root:Device cuda:0 was not found in jax.local_devices().
ERROR:root:Device cuda:0 was not found in jax.local_devices().
ERROR:root:Device cuda:0 was not found in jax.local_devices().
ERROR:root:Device cuda:0 was not found in jax.local_devices().
ERROR:root:Device cuda:0 was not found in jax.local_devices().
ERROR:root:Device cuda:0 was not found in jax.local_devices().
ERROR:root:Device cuda:0 was not found in jax.local_devices().
ERROR:root:Device cuda:0 was not found in jax.local_devices().
ERROR:root:Device cuda:0 was not found in jax.local_devices().
ERROR:root:Device cuda:0 was not found in jax.local_devices().
ERROR:root:Device cuda:0 was not found in jax.local_devices().
ERROR:root:Device cuda:0 was not found in jax.local_devices().
ERROR:root:Device cuda:0 was not found in jax.local_devices().
ERROR:root:Device cuda:0 was not found in jax.local_devices().
ERROR:root:Device cuda:0 was not found in jax.local_devices().
ERROR:root:Device cuda:0 was not found in jax.local_devices().
ERROR:root:Device cuda:0 was not found in jax.local_devices().
ERROR:root:Device cuda:0 was not found in jax.local_devices().
ERROR:root:Device cuda:0 was not found in jax.local_devices().
ERROR:root:Device cuda:0 was not found in jax.local_devices().
ERROR:root:Device cuda:0 was not found in jax.local_devices().
ERROR:root:Device cuda:0 was not found in jax.local_devices().
ERROR:root:Device cuda:0 was not found in jax.local_devices().
ERROR:root:Device cuda:0 was not found in jax.local_devices().
ERROR:root:Device cuda:0 was not found in jax.local_devices().
ERROR:root:Device cuda:0 was not found in jax.local_devices().
ERROR:root:Device cuda:0 was not found in jax.local_devices().
ERROR:root:Device cuda:0 was not found in jax.local_devices().
ERROR:root:Device cuda:0 was not found in jax.local_devices().
ERROR:root:Device cuda:0 was not found in jax.local_devices().
ERROR:root:Device cuda:0 was not found in jax.local_devices().
ERROR:root:Device cuda:0 was not found in jax.local_devices().
ERROR:root:Device cuda:0 was not found in jax.local_devices().
ERROR:root:Device cuda:0 was not found in jax.local_devices().
ERROR:root:Device cuda:0 was not found in jax.local_devices().
ERROR:root:Device cuda:0 was not found in jax.local_devices().
ERROR:root:Device cuda:0 was not found in jax.local_devices().
ERROR:root:Device cuda:0 was not found in jax.local_devices().
ERROR:root:Device cuda:0 was not found in jax.local_devices().
ERROR:root:Device cuda:0 was not found in jax.local_devices().
ERROR:root:Device cuda:0 was not found in jax.local_devices().
ERROR:root:Device cuda:0 was not found in jax.local_devices().
ERROR:root:Device cuda:0 was not found in jax.local_devices().
ERROR:root:Device cuda:0 was not found in jax.local_devices().
ERROR:root:Device cuda:0 was not found in jax.local_devices().
ERROR:root:Device cuda:0 was not found in jax.local_devices().
ERROR:root:Device cuda:0 was not found in jax.local_devices().
ERROR:root:Device cuda:0 was not found in jax.local_devices().
ERROR:root:Device cuda:0 was not found in jax.local_devices().
ERROR:root:Device cuda:0 was not found in jax.local_devices().
ERROR:root:Device cuda:0 was not found in jax.local_devices().
ERROR:root:Device cuda:0 was not found in jax.local_devices().
ERROR:root:Device cuda:0 was not found in jax.local_devices().
ERROR:root:Device cuda:0 was not found in jax.local_devices().
ERROR:root:Device cuda:0 was not found in jax.local_devices().
ERROR:root:Device cuda:0 was not found in jax.local_devices().
ERROR:root:Device cuda:0 was not found in jax.local_devices().
ERROR:root:Device cuda:0 was not found in jax.local_devices().
ERROR:root:Device cuda:0 was not found in jax.local_devices().
ERROR:root:Device cuda:0 was not found in jax.local_devices().
ERROR:root:Device cuda:0 was not found in jax.local_devices().
ERROR:root:Device cuda:0 was not found in jax.local_devices().
ERROR:root:Device cuda:0 was not found in jax.local_devices().
ERROR:root:Device cuda:0 was not found in jax.local_devices().
ERROR:root:Device cuda:0 was not found in jax.local_devices().
ERROR:root:Device cuda:0 was not found in jax.local_devices().
ERROR:root:Device cuda:0 was not found in jax.local_devices().
ERROR:root:Device cuda:0 was not found in jax.local_devices().
ERROR:root:Device cuda:0 was not found in jax.local_devices().
ERROR:root:Device cuda:0 was not found in jax.local_devices().
ERROR:root:Device cuda:0 was not found in jax.local_devices().
ERROR:root:Device cuda:0 was not found in jax.local_devices().
ERROR:root:Device cuda:0 was not found in jax.local_devices().
ERROR:root:Device cuda:0 was not found in jax.local_devices().
ERROR:root:Device cuda:0 was not found in jax.local_devices().
ERROR:root:Device cuda:0 was not found in jax.local_devices().
ERROR:root:Device cuda:0 was not found in jax.local_devices().
ERROR:root:Device cuda:0 was not found in jax.local_devices().
ERROR:root:Device cuda:0 was not found in jax.local_devices().
ERROR:root:Device cuda:0 was not found in jax.local_devices().
ERROR:root:Device cuda:0 was not found in jax.local_devices().
ERROR:root:Device cuda:0 was not found in jax.local_devices().
ERROR:root:Device cuda:0 was not found in jax.local_devices().
ERROR:root:Device cuda:0 was not found in jax.local_devices().
ERROR:root:Device cuda:0 was not found in jax.local_devices().
ERROR:root:Device cuda:0 was not found in jax.local_devices().
ERROR:root:Device cuda:0 was not found in jax.local_devices().
ERROR:root:Device cuda:0 was not found in jax.local_devices().
ERROR:root:Device cuda:0 was not found in jax.local_devices().
ERROR:root:Device cuda:0 was not found in jax.local_devices().
ERROR:root:Device cuda:0 was not found in jax.local_devices().
ERROR:root:Device cuda:0 was not found in jax.local_devices().
ERROR:root:Device cuda:0 was not found in jax.local_devices().
ERROR:root:Device cuda:0 was not found in jax.local_devices().
ERROR:root:Device cuda:0 was not found in jax.local_devices().
ERROR:root:Device cuda:0 was not found in jax.local_devices().
ERROR:root:Device cuda:0 was not found in jax.local_devices().
ERROR:root:Device cuda:0 was not found in jax.local_devices().
ERROR:root:Device cuda:0 was not found in jax.local_devices().
ERROR:root:Device cuda:0 was not found in jax.local_devices().
ERROR:root:Device cuda:0 was not found in jax.local_devices().
ERROR:root:Device cuda:0 was not found in jax.local_devices().
ERROR:root:Device cuda:0 was not found in jax.local_devices().
ERROR:root:Device cuda:0 was not found in jax.local_devices().
ERROR:root:Device cuda:0 was not found in jax.local_devices().
ERROR:root:Device cuda:0 was not found in jax.local_devices().
ERROR:root:Device cuda:0 was not found in jax.local_devices().
ERROR:root:Device cuda:0 was not found in jax.local_devices().
ERROR:root:Device cuda:0 was not found in jax.local_devices().
ERROR:root:Device cuda:0 was not found in jax.local_devices().
ERROR:root:Device cuda:0 was not found in jax.local_devices().
ERROR:root:Device cuda:0 was not found in jax.local_devices().
ERROR:root:Device cuda:0 was not found in jax.local_devices().
ERROR:root:Device cuda:0 was not found in jax.local_devices().
ERROR:root:Device cuda:0 was not found in jax.local_devices().
ERROR:root:Device cuda:0 was not found in jax.local_devices().
ERROR:root:Device cuda:0 was not found in jax.local_devices().
ERROR:root:Device cuda:0 was not found in jax.local_devices().
ERROR:root:Device cuda:0 was not found in jax.local_devices().
ERROR:root:Device cuda:0 was not found in jax.local_devices().
ERROR:root:Device cuda:0 was not found in jax.local_devices().
ERROR:root:Device cuda:0 was not found in jax.local_devices().
ERROR:root:Device cuda:0 was not found in jax.local_devices().
ERROR:root:Device cuda:0 was not found in jax.local_devices().
ERROR:root:Device cuda:0 was not found in jax.local_devices().
ERROR:root:Device cuda:0 was not found in jax.local_devices().
ERROR:root:Device cuda:0 was not found in jax.local_devices().
ERROR:root:Device cuda:0 was not found in jax.local_devices().
ERROR:root:Device cuda:0 was not found in jax.local_devices().
ERROR:root:Device cuda:0 was not found in jax.local_devices().
ERROR:root:Device cuda:0 was not found in jax.local_devices().
ERROR:root:Device cuda:0 was not found in jax.local_devices().
ERROR:root:Device cuda:0 was not found in jax.local_devices().
ERROR:root:Device cuda:0 was not found in jax.local_devices().
ERROR:root:Device cuda:0 was not found in jax.local_devices().
ERROR:root:Device cuda:0 was not found in jax.local_devices().
ERROR:root:Device cuda:0 was not found in jax.local_devices().
ERROR:root:Device cuda:0 was not found in jax.local_devices().
ERROR:root:Device cuda:0 was not found in jax.local_devices().
ERROR:root:Device cuda:0 was not found in jax.local_devices().
ERROR:root:Device cuda:0 was not found in jax.local_devices().
ERROR:root:Device cuda:0 was not found in jax.local_devices().
ERROR:root:Device cuda:0 was not found in jax.local_devices().
ERROR:root:Device cuda:0 was not found in jax.local_devices().
ERROR:root:Device cuda:0 was not found in jax.local_devices().
ERROR:root:Device cuda:0 was not found in jax.local_devices().
ERROR:root:Device cuda:0 was not found in jax.local_devices().
ERROR:root:Device cuda:0 was not found in jax.local_devices().
ERROR:root:Device cuda:0 was not found in jax.local_devices().
ERROR:root:Device cuda:0 was not found in jax.local_devices().
ERROR:root:Device cuda:0 was not found in jax.local_devices().
ERROR:root:Device cuda:0 was not found in jax.local_devices().
ERROR:root:Device cuda:0 was not found in jax.local_devices().
ERROR:root:Device cuda:0 was not found in jax.local_devices().
ERROR:root:Device cuda:0 was not found in jax.local_devices().
ERROR:root:Device cuda:0 was not found in jax.local_devices().
ERROR:root:Device cuda:0 was not found in jax.local_devices().
ERROR:root:Device cuda:0 was not found in jax.local_devices().
ERROR:root:Device cuda:0 was not found in jax.local_devices().
ERROR:root:Device cuda:0 was not found in jax.local_devices().
ERROR:root:Device cuda:0 was not found in jax.local_devices().
ERROR:root:Device cuda:0 was not found in jax.local_devices().
ERROR:root:Device cuda:0 was not found in jax.local_devices().
ERROR:root:Device cuda:0 was not found in jax.local_devices().
ERROR:root:Device cuda:0 was not found in jax.local_devices().
ERROR:root:Device cuda:0 was not found in jax.local_devices().
ERROR:root:Device cuda:0 was not found in jax.local_devices().
ERROR:root:Device cuda:0 was not found in jax.local_devices().
ERROR:root:Device cuda:0 was not found in jax.local_devices().
ERROR:root:Device cuda:0 was not found in jax.local_devices().
ERROR:root:Device cuda:0 was not found in jax.local_devices().
ERROR:root:Device cuda:0 was not found in jax.local_devices().
ERROR:root:Device cuda:0 was not found in jax.local_devices().
ERROR:root:Device cuda:0 was not found in jax.local_devices().
ERROR:root:Device cuda:0 was not found in jax.local_devices().
ERROR:root:Device cuda:0 was not found in jax.local_devices().
ERROR:root:Device cuda:0 was not found in jax.local_devices().
ERROR:root:Device cuda:0 was not found in jax.local_devices().
ERROR:root:Device cuda:0 was not found in jax.local_devices().
ERROR:root:Device cuda:0 was not found in jax.local_devices().
ERROR:root:Device cuda:0 was not found in jax.local_devices().
ERROR:root:Device cuda:0 was not found in jax.local_devices().
ERROR:root:Device cuda:0 was not found in jax.local_devices().
ERROR:root:Device cuda:0 was not found in jax.local_devices().
ERROR:root:Device cuda:0 was not found in jax.local_devices().
ERROR:root:Device cuda:0 was not found in jax.local_devices().
ERROR:root:Device cuda:0 was not found in jax.local_devices().
ERROR:root:Device cuda:0 was not found in jax.local_devices().
ERROR:root:Device cuda:0 was not found in jax.local_devices().
ERROR:root:Device cuda:0 was not found in jax.local_devices().
ERROR:root:Device cuda:0 was not found in jax.local_devices().
ERROR:root:Device cuda:0 was not found in jax.local_devices().
ERROR:root:Device cuda:0 was not found in jax.local_devices().
ERROR:root:Device cuda:0 was not found in jax.local_devices().
ERROR:root:Device cuda:0 was not found in jax.local_devices().
ERROR:root:Device cuda:0 was not found in jax.local_devices().
ERROR:root:Device cuda:0 was not found in jax.local_devices().
ERROR:root:Device cuda:0 was not found in jax.local_devices().
ERROR:root:Device cuda:0 was not found in jax.local_devices().
ERROR:root:Device cuda:0 was not found in jax.local_devices().
ERROR:root:Device cuda:0 was not found in jax.local_devices().
[CpuDevice(id=0)]
cpu
[CpuDevice(id=0)]
parsing arguments:
batch_size 50
restart /pchem-data/meuwly/boittier/home/pycharmm_test/ckpts/test1-0246a50e-a613-4b2b-b999-75e835a4999a/epoch-48062
data /pchem-data/meuwly/boittier/home/ini.to.dioxi.npz
model None
train_key None
nepochs 1000000
lr 0.001
clip 1.0
logdir logs
ntrain 6500
nvalid 1000
name test1
natoms 8
charge_w 2.0
forces_w 45.0
features 32
max_degree 3
num_iterations 2
num_basis_functions 16
cutoff 6.0
max_atomic_number 9
n_res 3
debug False
shape (7732, 8, 3) not failed [   0    1    2 ... 7729 7730 7731]
dataR (7732, 8, 3)
D (7732, 3)
Q 1 (7732,) 7732
Q (7732,)
R (7732, 8, 3)
(7732, 8, 3)
['R', 'Z', 'F', 'E', 'N', 'D', 'Q']
7732
0 R 7732 (7732, 8, 3)
1 Z 7732 (7732, 8)
2 F 7732 (7732, 8, 3)
3 E 7732 (7732, 1)
4 N 7732 (7732, 1)
5 D 7732 (7732, 3)
6 Q 7732 (7732,)
train data 6500
valid data 500
test data 500
EF(
    # attributes
    features = 32
    max_degree = 3
    num_iterations = 2
    num_basis_functions = 16
    cutoff = 6.0
    max_atomic_number = 9
    charges = True
    natoms = 8
    total_charge = 0
    n_res = 3
    debug = False
)
train_model:
Train data keys: dict_keys(['R', 'Z', 'F', 'E', 'N', 'D', 'Q'])
Valid data keys: dict_keys(['R', 'Z', 'F', 'E', 'N', 'D', 'Q'])
Traceback (most recent call last):
  File "/pchem-data/meuwly/boittier/home/pycharmm_test/src/api.py", line 121, in <module>
    params = train_model(
             ^^^^^^^^^^^^
  File "/pchem-data/meuwly/boittier/home/pycharmm_test/src/training.py", line 310, in train_model
    restored = orbax_checkpointer.restore(restart)
               ^^^^^^^^^^^^^^^^^^^^^^^^^^^^^^^^^^^
  File "/pchem-data/meuwly/boittier/home/miniforge3/envs/myenv/lib/python3.12/site-packages/orbax/checkpoint/checkpointer.py", line 239, in restore
    restored = self._handler.restore(directory, args=ckpt_args)
               ^^^^^^^^^^^^^^^^^^^^^^^^^^^^^^^^^^^^^^^^^^^^^^^^
  File "/pchem-data/meuwly/boittier/home/miniforge3/envs/myenv/lib/python3.12/site-packages/orbax/checkpoint/_src/handlers/pytree_checkpoint_handler.py", line 766, in restore
    return self._handler_impl.restore(directory, args=args)
           ^^^^^^^^^^^^^^^^^^^^^^^^^^^^^^^^^^^^^^^^^^^^^^^^
  File "/pchem-data/meuwly/boittier/home/miniforge3/envs/myenv/lib/python3.12/site-packages/orbax/checkpoint/_src/handlers/base_pytree_checkpoint_handler.py", line 676, in restore
    tree_memory_size, restored_item = asyncio_utils.run_sync(
                                      ^^^^^^^^^^^^^^^^^^^^^^^
  File "/pchem-data/meuwly/boittier/home/miniforge3/envs/myenv/lib/python3.12/site-packages/orbax/checkpoint/_src/asyncio_utils.py", line 50, in run_sync
    return asyncio.run(coro)
           ^^^^^^^^^^^^^^^^^
  File "/pchem-data/meuwly/boittier/home/miniforge3/envs/myenv/lib/python3.12/asyncio/runners.py", line 194, in run
    return runner.run(main)
           ^^^^^^^^^^^^^^^^
  File "/pchem-data/meuwly/boittier/home/miniforge3/envs/myenv/lib/python3.12/asyncio/runners.py", line 118, in run
    return self._loop.run_until_complete(task)
           ^^^^^^^^^^^^^^^^^^^^^^^^^^^^^^^^^^^
  File "/pchem-data/meuwly/boittier/home/miniforge3/envs/myenv/lib/python3.12/asyncio/base_events.py", line 687, in run_until_complete
    return future.result()
           ^^^^^^^^^^^^^^^
  File "/pchem-data/meuwly/boittier/home/miniforge3/envs/myenv/lib/python3.12/site-packages/orbax/checkpoint/_src/handlers/base_pytree_checkpoint_handler.py", line 534, in _maybe_deserialize
    deserialized_batches += await asyncio.gather(*deserialized_batches_ops)
                            ^^^^^^^^^^^^^^^^^^^^^^^^^^^^^^^^^^^^^^^^^^^^^^^
  File "/pchem-data/meuwly/boittier/home/miniforge3/envs/myenv/lib/python3.12/site-packages/orbax/checkpoint/type_handlers.py", line 1427, in deserialize
    ret = await asyncio.gather(*deserialize_ops)
          ^^^^^^^^^^^^^^^^^^^^^^^^^^^^^^^^^^^^^^
  File "/pchem-data/meuwly/boittier/home/miniforge3/envs/myenv/lib/python3.12/site-packages/orbax/checkpoint/serialization.py", line 570, in async_deserialize
    raise ValueError(
ValueError: sharding passed to deserialization should be specified, concrete and an instance of `jax.sharding.Sharding`. Got None
